2020-03-18 14:37:32,828 - instabot version: 0.115.0 (bot) - INFO - Instabot version: 0.115.0 Started
2020-03-18 14:37:32,829 - instabot version: 0.115.0 (bot) - DEBUG - Bot imported from /usr/local/lib/python3.6/site-packages/instabot/bot/bot.py
2020-03-18 14:37:32,867 - instabot version: 0.115.0 (api_login) - DEBUG - Loading cookies
2020-03-18 14:37:32,867 - instabot version: 0.115.0 (api_login) - DEBUG - Loading uuids
2020-03-18 14:37:32,868 - instabot version: 0.115.0 (api_login) - INFO - Recovery from /home/santiago/Documents/instabot/config/patagonian_review_uuid_and_cookie.json: COOKIE True - UUIDs True - TIMING, DEVICE and ...
- user-agent=Instagram 117.0.0.28.123 Android (28/9.0; 420dpi; 1080x1920; OnePlus; ONEPLUS A3003; OnePlus3; qcom; en_US; 180322800)
- phone_id=f0f782fa-417e-465b-af0d-8ff617f9ef1b
- uuid=c4394ad7-b899-4746-b8c8-86e3ffc261ec
- client_session_id=aaf2840f-ca26-4161-87b9-c5e10f1b0e75
- device_id=android-541a6cf91eda32d2
2020-03-18 14:37:32,868 - instabot version: 0.115.0 (api_login) - INFO - LOGIN FLOW! Just logged-in: False
2020-03-18 14:37:33,237 - instabot version: 0.115.0 (api) - DEBUG - POST to endpoint: feed/timeline/ returned response: <Response [403]>
2020-03-18 14:37:33,237 - instabot version: 0.115.0 (api) - DEBUG - Responsecode indicates error; response content: b'{"message": "user_has_logged_out", "logout_reason": 9, "status": "fail"}'
2020-03-18 14:37:33,237 - instabot version: 0.115.0 (api) - ERROR - Request returns 403 error!
2020-03-18 14:37:33,637 - instabot version: 0.115.0 (api) - DEBUG - POST to endpoint: feed/reels_tray/ returned response: <Response [403]>
2020-03-18 14:37:33,637 - instabot version: 0.115.0 (api) - DEBUG - Responsecode indicates error; response content: b'{"message": "user_has_logged_out", "logout_reason": 9, "status": "fail"}'
2020-03-18 14:37:33,638 - instabot version: 0.115.0 (api) - ERROR - Request returns 403 error!
2020-03-18 14:37:34,028 - instabot version: 0.115.0 (api) - DEBUG - POST to endpoint: direct_v2/ranked_recipients/ returned response: <Response [403]>
2020-03-18 14:37:34,028 - instabot version: 0.115.0 (api) - DEBUG - Responsecode indicates error; response content: b'{"message": "user_has_logged_out", "logout_reason": 9, "status": "fail"}'
2020-03-18 14:37:34,028 - instabot version: 0.115.0 (api) - ERROR - Request returns 403 error!
2020-03-18 14:37:34,422 - instabot version: 0.115.0 (api) - DEBUG - POST to endpoint: direct_v2/ranked_recipients/ returned response: <Response [403]>
2020-03-18 14:37:34,422 - instabot version: 0.115.0 (api) - DEBUG - Responsecode indicates error; response content: b'{"message": "user_has_logged_out", "logout_reason": 9, "status": "fail"}'
2020-03-18 14:37:34,423 - instabot version: 0.115.0 (api) - ERROR - Request returns 403 error!
2020-03-18 14:37:34,794 - instabot version: 0.115.0 (api) - DEBUG - POST to endpoint: direct_v2/inbox/ returned response: <Response [403]>
2020-03-18 14:37:34,794 - instabot version: 0.115.0 (api) - DEBUG - Responsecode indicates error; response content: b'{"message": "user_has_logged_out", "logout_reason": 9, "status": "fail"}'
2020-03-18 14:37:34,794 - instabot version: 0.115.0 (api) - ERROR - Request returns 403 error!
2020-03-18 14:37:35,158 - instabot version: 0.115.0 (api) - DEBUG - GET to endpoint: direct_v2/get_presence/ returned response: <Response [403]>
2020-03-18 14:37:35,158 - instabot version: 0.115.0 (api) - DEBUG - Responsecode indicates error; response content: b'{"message": "user_has_logged_out", "logout_reason": 9, "status": "fail"}'
2020-03-18 14:37:35,158 - instabot version: 0.115.0 (api) - ERROR - Request returns 403 error!
2020-03-18 14:37:35,536 - instabot version: 0.115.0 (api) - DEBUG - GET to endpoint: news/inbox/?limited_activity=true&show_su=true returned response: <Response [403]>
2020-03-18 14:37:35,536 - instabot version: 0.115.0 (api) - DEBUG - Responsecode indicates error; response content: b'{"message": "user_has_logged_out", "logout_reason": 9, "status": "fail"}'
2020-03-18 14:37:35,536 - instabot version: 0.115.0 (api) - ERROR - Request returns 403 error!
2020-03-18 14:37:35,911 - instabot version: 0.115.0 (api) - DEBUG - GET to endpoint: users/profile_notice/ returned response: <Response [403]>
2020-03-18 14:37:35,911 - instabot version: 0.115.0 (api) - DEBUG - Responsecode indicates error; response content: b'{"message": "user_has_logged_out", "logout_reason": 9, "status": "fail"}'
2020-03-18 14:37:35,912 - instabot version: 0.115.0 (api) - ERROR - Request returns 403 error!
2020-03-18 14:37:36,284 - instabot version: 0.115.0 (api) - DEBUG - POST to endpoint: discover/explore/ returned response: <Response [403]>
2020-03-18 14:37:36,284 - instabot version: 0.115.0 (api) - DEBUG - Responsecode indicates error; response content: b'{"message": "user_has_logged_out", "logout_reason": 9, "status": "fail"}'
2020-03-18 14:37:36,284 - instabot version: 0.115.0 (api) - ERROR - Request returns 403 error!
2020-03-18 14:37:36,285 - instabot version: 0.115.0 (api) - INFO - Login flow failed, the cookie is broken. Relogin again.
2020-03-18 14:37:36,286 - instabot version: 0.115.0 (api_login) - DEBUG - Loading cookies
2020-03-18 14:37:36,286 - instabot version: 0.115.0 (api_login) - DEBUG - Loading uuids
2020-03-18 14:37:36,286 - instabot version: 0.115.0 (api_login) - INFO - Recovery from /home/santiago/Documents/instabot/config/patagonian_review_uuid_and_cookie.json: COOKIE True - UUIDs True - TIMING, DEVICE and ...
- user-agent=Instagram 117.0.0.28.123 Android (28/9.0; 420dpi; 1080x1920; OnePlus; ONEPLUS A3003; OnePlus3; qcom; en_US; 180322800)
- phone_id=f0f782fa-417e-465b-af0d-8ff617f9ef1b
- uuid=c4394ad7-b899-4746-b8c8-86e3ffc261ec
- client_session_id=d9eec139-8b1f-475d-b949-786da56fc3be
- device_id=android-541a6cf91eda32d2
2020-03-18 14:37:36,287 - instabot version: 0.115.0 (api_login) - INFO - Not yet logged in starting: PRE-LOGIN FLOW!
2020-03-18 14:37:36,729 - instabot version: 0.115.0 (api) - DEBUG - POST to endpoint: accounts/get_prefill_candidates/ returned response: <Response [200]>
2020-03-18 14:37:37,125 - instabot version: 0.115.0 (api) - DEBUG - POST to endpoint: qe/sync/ returned response: <Response [200]>
2020-03-18 14:37:37,530 - instabot version: 0.115.0 (api) - DEBUG - POST to endpoint: launcher/sync/ returned response: <Response [200]>
2020-03-18 14:37:37,931 - instabot version: 0.115.0 (api) - DEBUG - POST to endpoint: accounts/contact_point_prefill/ returned response: <Response [200]>
2020-03-18 14:37:40,172 - instabot version: 0.115.0 (api) - DEBUG - POST to endpoint: accounts/login/ returned response: <Response [200]>
2020-03-18 14:37:40,172 - instabot version: 0.115.0 (api) - INFO - Logged-in successfully as 'patagonian_review'!
2020-03-18 14:37:40,172 - instabot version: 0.115.0 (api_login) - INFO - LOGIN FLOW! Just logged-in: True
2020-03-18 14:37:40,565 - instabot version: 0.115.0 (api) - DEBUG - POST to endpoint: qe/sync/ returned response: <Response [200]>
2020-03-18 14:37:40,957 - instabot version: 0.115.0 (api) - DEBUG - POST to endpoint: launcher/sync/ returned response: <Response [200]>
2020-03-18 14:37:41,333 - instabot version: 0.115.0 (api) - DEBUG - GET to endpoint: zr/token/result/?device_id=android-541a6cf91eda32d2&token_hash=&custom_device_id=android-541a6cf91eda32d2&fetch_reason=token_expired returned response: <Response [200]>
2020-03-18 14:37:41,718 - instabot version: 0.115.0 (api) - DEBUG - GET to endpoint: multiple_accounts/get_account_family/ returned response: <Response [200]>
2020-03-18 14:37:42,126 - instabot version: 0.115.0 (api) - DEBUG - POST to endpoint: qe/sync/ returned response: <Response [200]>
2020-03-18 14:37:42,767 - instabot version: 0.115.0 (api) - DEBUG - GET to endpoint: igtv/browse_feed/?prefetch=1 returned response: <Response [200]>
2020-03-18 14:37:43,143 - instabot version: 0.115.0 (api) - DEBUG - POST to endpoint: creatives/ar_class/ returned response: <Response [200]>
2020-03-18 14:37:43,813 - instabot version: 0.115.0 (api) - DEBUG - POST to endpoint: feed/reels_tray/ returned response: <Response [200]>
2020-03-18 14:37:45,160 - instabot version: 0.115.0 (api) - DEBUG - POST to endpoint: feed/timeline/ returned response: <Response [200]>
2020-03-18 14:37:45,544 - instabot version: 0.115.0 (api) - DEBUG - GET to endpoint: media/blocked/ returned response: <Response [200]>
2020-03-18 14:37:46,275 - instabot version: 0.115.0 (api) - DEBUG - GET to endpoint: news/inbox/ returned response: <Response [200]>
2020-03-18 14:37:46,648 - instabot version: 0.115.0 (api) - DEBUG - GET to endpoint: loom/fetch_config/ returned response: <Response [200]>
2020-03-18 14:37:47,639 - instabot version: 0.115.0 (api) - DEBUG - GET to endpoint: scores/bootstrap/users/?surfaces=["autocomplete_user_list","coefficient_besties_list_ranking","coefficient_rank_recipient_user_suggestion","coefficient_ios_section_test_bootstrap_ranking","coefficient_direct_recipients_ranking_variant_2"] returned response: <Response [200]>
2020-03-18 14:37:48,035 - instabot version: 0.115.0 (api) - DEBUG - GET to endpoint: business/eligibility/get_monetization_products_eligibility_data/?product_types=branded_content returned response: <Response [200]>
2020-03-18 14:37:48,406 - instabot version: 0.115.0 (api) - DEBUG - GET to endpoint: business/branded_content/should_require_professional_account/ returned response: <Response [200]>
2020-03-18 14:37:48,788 - instabot version: 0.115.0 (api) - DEBUG - GET to endpoint: linked_accounts/get_linkage_status/ returned response: <Response [200]>
2020-03-18 14:37:49,168 - instabot version: 0.115.0 (api) - DEBUG - GET to endpoint: locations/request_country/ returned response: <Response [200]>
2020-03-18 14:37:49,546 - instabot version: 0.115.0 (api) - DEBUG - GET to endpoint: qp/get_cooldowns/?signed_body=signed_body=4b9c516a5410a3bc128e09c6104a7f042146b9c2023870560c63a43a7f66781c.4&ig_sig_key_version=4&ig_sig_key_version=4 returned response: <Response [200]>
2020-03-18 14:37:49,930 - instabot version: 0.115.0 (api) - DEBUG - GET to endpoint: users/arlink_download_info/?version_override=2.2.1 returned response: <Response [200]>
2020-03-18 14:37:50,449 - instabot version: 0.115.0 (api) - DEBUG - GET to endpoint: users/28378487953/info/ returned response: <Response [200]>
2020-03-18 14:37:50,799 - instabot version: 0.115.0 (api) - DEBUG - GET to endpoint: direct_v2/get_presence/ returned response: <Response [200]>
2020-03-18 14:37:51,184 - instabot version: 0.115.0 (api) - DEBUG - GET to endpoint: direct_v2/inbox/?visual_message_return_type=unseen&thread_message_limit=10&persistentBadging=true&limit=20 returned response: <Response [200]>
2020-03-18 14:37:51,558 - instabot version: 0.115.0 (api) - DEBUG - GET to endpoint: direct_v2/inbox/?visual_message_return_type=unseen&persistentBadging=true&limit=0 returned response: <Response [200]>
2020-03-18 14:37:53,129 - instabot version: 0.115.0 (api) - DEBUG - GET to endpoint: discover/topical_explore/?is_prefetch=true&omit_cover_media=true&use_sectional_payload=true&timezone_offset=0&session_id=d9eec139-8b1f-475d-b949-786da56fc3be&include_fixed_destinations=true returned response: <Response [200]>
2020-03-18 14:37:53,502 - instabot version: 0.115.0 (api) - DEBUG - POST to endpoint: notifications/badge/ returned response: <Response [200]>
2020-03-18 14:37:54,040 - instabot version: 0.115.0 (api) - DEBUG - POST to endpoint: qp/batch_fetch/ returned response: <Response [200]>
2020-03-18 14:37:54,041 - instabot version: 0.115.0 (bot_checkpoint) - DEBUG - Loading Checkpoint file from: /home/santiago/Documents/instabot/config/patagonian_review.checkpoint
2020-03-18 14:37:57,282 - instabot version: 0.115.0 (api) - DEBUG - GET to endpoint: users/28378487953/info/ returned response: <Response [200]>
2020-03-18 14:37:57,720 - instabot version: 0.115.0 (api) - DEBUG - GET to endpoint: friendships/28378487953/followers/?rank_token=28378487953_c4394ad7-b899-4746-b8c8-86e3ffc261ec returned response: <Response [200]>
2020-03-18 14:38:21,394 - instabot version: 0.115.0 (api) - DEBUG - GET to endpoint: users/santiolsze/usernameinfo/ returned response: <Response [200]>
2020-03-18 14:40:08,434 - instabot version: 0.115.0 (bot_unfollow) - INFO - Unfollowing non-followers.
2020-03-18 14:40:08,898 - instabot version: 0.115.0 (api) - DEBUG - GET to endpoint: users/28378487953/info/ returned response: <Response [200]>
2020-03-18 14:40:09,400 - instabot version: 0.115.0 (api) - DEBUG - GET to endpoint: friendships/28378487953/following/?max_id=&ig_sig_key_version=4&rank_token=28378487953_c4394ad7-b899-4746-b8c8-86e3ffc261ec returned response: <Response [200]>
2020-03-18 14:40:10,013 - instabot version: 0.115.0 (api) - DEBUG - GET to endpoint: users/7032486331/info/ returned response: <Response [200]>
2020-03-18 14:40:10,013 - instabot version: 0.115.0 (bot_unfollow) - INFO - Going to unfollow `user_id` 7032486331 with username maximiliano.lisjak.
2020-03-18 14:40:12,427 - instabot version: 0.115.0 (api) - DEBUG - POST to endpoint: friendships/destroy/7032486331/ returned response: <Response [200]>
2020-03-18 14:40:12,427 - instabot version: 0.115.0 (bot_unfollow) - INFO - Unfollowed `user_id` 7032486331 with username maximiliano.lisjak
2020-03-18 14:40:12,883 - instabot version: 0.115.0 (api) - DEBUG - GET to endpoint: users/3243499586/info/ returned response: <Response [200]>
2020-03-18 14:40:12,883 - instabot version: 0.115.0 (bot_unfollow) - INFO - Going to unfollow `user_id` 3243499586 with username marcelaelffman.
2020-03-18 14:49:59,838 - instabot version: 0.115.0 (api) - DEBUG - POST to endpoint: friendships/destroy/3243499586/ returned response: <Response [200]>
2020-03-18 14:49:59,838 - instabot version: 0.115.0 (bot_unfollow) - INFO - Unfollowed `user_id` 3243499586 with username marcelaelffman
2020-03-18 14:57:29,426 - instabot version: 0.115.0 (api) - DEBUG - GET to endpoint: users/patagonian_review/usernameinfo/ returned response: <Response [200]>
2020-03-18 14:57:30,946 - instabot version: 0.115.0 (api) - DEBUG - GET to endpoint: users/28378487953/info/ returned response: <Response [200]>
2020-03-18 14:58:05,430 - instabot version: 0.115.0 (bot_unfollow) - INFO - Unfollowing non-followers.
2020-03-18 14:58:06,765 - instabot version: 0.115.0 (api) - DEBUG - GET to endpoint: users/1540492922/info/ returned response: <Response [200]>
2020-03-18 14:58:06,766 - instabot version: 0.115.0 (bot_unfollow) - INFO - Going to unfollow `user_id` 1540492922 with username fabiocollares.
2020-03-18 14:59:06,194 - instabot version: 0.115.0 (api) - DEBUG - POST to endpoint: friendships/destroy/1540492922/ returned response: <Response [200]>
2020-03-18 14:59:06,194 - instabot version: 0.115.0 (bot_unfollow) - INFO - Unfollowed `user_id` 1540492922 with username fabiocollares
2020-03-18 14:59:07,221 - instabot version: 0.115.0 (api) - DEBUG - GET to endpoint: users/6820208468/info/ returned response: <Response [200]>
2020-03-18 14:59:07,222 - instabot version: 0.115.0 (bot_unfollow) - INFO - Going to unfollow `user_id` 6820208468 with username lake_tours.
2020-03-18 15:03:27,845 - instabot version: 0.115.0 (api) - DEBUG - POST to endpoint: friendships/destroy/6820208468/ returned response: <Response [200]>
2020-03-18 15:03:27,845 - instabot version: 0.115.0 (bot_unfollow) - INFO - Unfollowed `user_id` 6820208468 with username lake_tours
2020-03-18 15:03:28,565 - instabot version: 0.115.0 (api) - DEBUG - GET to endpoint: users/1645984224/info/ returned response: <Response [200]>
2020-03-18 15:03:28,565 - instabot version: 0.115.0 (bot_unfollow) - INFO - Going to unfollow `user_id` 1645984224 with username yanis.cor.
2020-03-18 15:08:16,248 - instabot version: 0.115.0 (api) - DEBUG - POST to endpoint: friendships/destroy/1645984224/ returned response: <Response [200]>
2020-03-18 15:08:16,248 - instabot version: 0.115.0 (bot_unfollow) - INFO - Unfollowed `user_id` 1645984224 with username yanis.cor
2020-03-18 15:08:17,008 - instabot version: 0.115.0 (api) - DEBUG - GET to endpoint: users/2077150164/info/ returned response: <Response [200]>
2020-03-18 15:08:17,009 - instabot version: 0.115.0 (bot_unfollow) - INFO - Going to unfollow `user_id` 2077150164 with username fedecarrascosa.
2020-03-18 15:13:28,830 - instabot version: 0.115.0 (api) - DEBUG - POST to endpoint: friendships/destroy/2077150164/ returned response: <Response [200]>
2020-03-18 15:13:28,830 - instabot version: 0.115.0 (bot_unfollow) - INFO - Unfollowed `user_id` 2077150164 with username fedecarrascosa
2020-03-18 15:15:54,441 - instabot version: 0.115.0 (api) - DEBUG - GET to endpoint: users/marcelotinelli/usernameinfo/ returned response: <Response [200]>
2020-03-18 15:15:55,034 - instabot version: 0.115.0 (bot_follow) - INFO - Going to follow `user_id` 299249586.
2020-03-18 15:15:55,034 - instabot version: 0.115.0 (api) - DEBUG - post data: {"user_id": "299249586", "radio_type": "wifi-none", "device_id": "android-541a6cf91eda32d2", "_uuid": "c4394ad7-b899-4746-b8c8-86e3ffc261ec", "_uid": "28378487953", "_csrftoken": "9aNg1YWYRIrjTnkfNBT0kkCzB7afP917"}
2020-03-18 15:15:56,263 - instabot version: 0.115.0 (api) - DEBUG - POST to endpoint: friendships/create/299249586/ returned response: <Response [200]>
2020-03-18 15:15:56,263 - instabot version: 0.115.0 (bot_follow) - INFO - Followed `user_id` 299249586.
