2020-03-15 11:18:58,683 - instabot version: 0.115.0 (bot) - INFO - Instabot version: 0.115.0 Started
2020-03-15 11:18:58,684 - instabot version: 0.115.0 (bot) - DEBUG - Bot imported from /usr/local/lib/python3.6/site-packages/instabot/bot/bot.py
2020-03-15 11:18:58,685 - instabot version: 0.115.0 (api_login) - INFO - Not yet logged in starting: PRE-LOGIN FLOW!
2020-03-15 11:18:59,046 - instabot version: 0.115.0 (api) - DEBUG - POST to endpoint: accounts/get_prefill_candidates/ returned response: <Response [200]>
2020-03-15 11:18:59,389 - instabot version: 0.115.0 (api) - DEBUG - POST to endpoint: qe/sync/ returned response: <Response [200]>
2020-03-15 11:18:59,716 - instabot version: 0.115.0 (api) - DEBUG - POST to endpoint: launcher/sync/ returned response: <Response [200]>
2020-03-15 11:19:00,142 - instabot version: 0.115.0 (api) - DEBUG - POST to endpoint: accounts/contact_point_prefill/ returned response: <Response [200]>
2020-03-15 11:19:02,385 - instabot version: 0.115.0 (api) - DEBUG - POST to endpoint: accounts/login/ returned response: <Response [200]>
2020-03-15 11:19:02,385 - instabot version: 0.115.0 (api) - INFO - Logged-in successfully as 'patagonian_review'!
2020-03-15 11:19:02,385 - instabot version: 0.115.0 (api_login) - INFO - LOGIN FLOW! Just logged-in: True
2020-03-15 11:19:02,741 - instabot version: 0.115.0 (api) - DEBUG - POST to endpoint: qe/sync/ returned response: <Response [200]>
2020-03-15 11:19:03,089 - instabot version: 0.115.0 (api) - DEBUG - POST to endpoint: launcher/sync/ returned response: <Response [200]>
2020-03-15 11:19:03,431 - instabot version: 0.115.0 (api) - DEBUG - GET to endpoint: zr/token/result/?device_id=android-541a6cf91eda32d2&token_hash=&custom_device_id=android-541a6cf91eda32d2&fetch_reason=token_expired returned response: <Response [200]>
2020-03-15 11:19:03,775 - instabot version: 0.115.0 (api) - DEBUG - GET to endpoint: multiple_accounts/get_account_family/ returned response: <Response [200]>
2020-03-15 11:19:04,116 - instabot version: 0.115.0 (api) - DEBUG - POST to endpoint: qe/sync/ returned response: <Response [200]>
2020-03-15 11:19:05,308 - instabot version: 0.115.0 (api) - DEBUG - GET to endpoint: igtv/browse_feed/?prefetch=1 returned response: <Response [200]>
2020-03-15 11:19:05,646 - instabot version: 0.115.0 (api) - DEBUG - POST to endpoint: creatives/ar_class/ returned response: <Response [200]>
2020-03-15 11:19:06,304 - instabot version: 0.115.0 (api) - DEBUG - POST to endpoint: feed/reels_tray/ returned response: <Response [200]>
2020-03-15 11:19:07,876 - instabot version: 0.115.0 (api) - DEBUG - POST to endpoint: feed/timeline/ returned response: <Response [200]>
2020-03-15 11:19:08,223 - instabot version: 0.115.0 (api) - DEBUG - GET to endpoint: media/blocked/ returned response: <Response [200]>
2020-03-15 11:19:08,939 - instabot version: 0.115.0 (api) - DEBUG - GET to endpoint: news/inbox/ returned response: <Response [200]>
2020-03-15 11:19:09,312 - instabot version: 0.115.0 (api) - DEBUG - GET to endpoint: loom/fetch_config/ returned response: <Response [200]>
2020-03-15 11:19:10,257 - instabot version: 0.115.0 (api) - DEBUG - GET to endpoint: scores/bootstrap/users/?surfaces=["autocomplete_user_list","coefficient_besties_list_ranking","coefficient_rank_recipient_user_suggestion","coefficient_ios_section_test_bootstrap_ranking","coefficient_direct_recipients_ranking_variant_2"] returned response: <Response [200]>
2020-03-15 11:19:10,624 - instabot version: 0.115.0 (api) - DEBUG - GET to endpoint: business/eligibility/get_monetization_products_eligibility_data/?product_types=branded_content returned response: <Response [200]>
2020-03-15 11:19:10,990 - instabot version: 0.115.0 (api) - DEBUG - GET to endpoint: business/branded_content/should_require_professional_account/ returned response: <Response [200]>
2020-03-15 11:19:11,357 - instabot version: 0.115.0 (api) - DEBUG - GET to endpoint: linked_accounts/get_linkage_status/ returned response: <Response [200]>
2020-03-15 11:19:11,722 - instabot version: 0.115.0 (api) - DEBUG - GET to endpoint: locations/request_country/ returned response: <Response [200]>
2020-03-15 11:19:12,062 - instabot version: 0.115.0 (api) - DEBUG - GET to endpoint: qp/get_cooldowns/?signed_body=signed_body=4b9c516a5410a3bc128e09c6104a7f042146b9c2023870560c63a43a7f66781c.4&ig_sig_key_version=4&ig_sig_key_version=4 returned response: <Response [200]>
2020-03-15 11:19:12,407 - instabot version: 0.115.0 (api) - DEBUG - GET to endpoint: users/arlink_download_info/?version_override=2.2.1 returned response: <Response [200]>
2020-03-15 11:19:12,892 - instabot version: 0.115.0 (api) - DEBUG - GET to endpoint: users/28378487953/info/ returned response: <Response [200]>
2020-03-15 11:19:13,244 - instabot version: 0.115.0 (api) - DEBUG - GET to endpoint: direct_v2/get_presence/ returned response: <Response [200]>
2020-03-15 11:19:13,606 - instabot version: 0.115.0 (api) - DEBUG - GET to endpoint: direct_v2/inbox/?visual_message_return_type=unseen&thread_message_limit=10&persistentBadging=true&limit=20 returned response: <Response [200]>
2020-03-15 11:19:13,977 - instabot version: 0.115.0 (api) - DEBUG - GET to endpoint: direct_v2/inbox/?visual_message_return_type=unseen&persistentBadging=true&limit=0 returned response: <Response [200]>
2020-03-15 11:19:15,662 - instabot version: 0.115.0 (api) - DEBUG - GET to endpoint: discover/topical_explore/?is_prefetch=true&omit_cover_media=true&use_sectional_payload=true&timezone_offset=0&session_id=9600b642-e346-4e91-995d-5aa959cfbeec&include_fixed_destinations=true returned response: <Response [200]>
2020-03-15 11:19:16,003 - instabot version: 0.115.0 (api) - DEBUG - POST to endpoint: notifications/badge/ returned response: <Response [200]>
2020-03-15 11:19:16,628 - instabot version: 0.115.0 (api) - DEBUG - POST to endpoint: qp/batch_fetch/ returned response: <Response [200]>
2020-03-15 11:19:16,628 - instabot version: 0.115.0 (bot_checkpoint) - DEBUG - Loading Checkpoint file from: /home/santiago/Documents/instabot/config/patagonian_review.checkpoint
2020-03-15 11:20:20,102 - instabot version: 0.115.0 (api) - DEBUG - GET to endpoint: feed/tag/patagonia/?max_id=&rank_token=28378487953_c4394ad7-b899-4746-b8c8-86e3ffc261ec&ranked_content=true& returned response: <Response [200]>
2020-03-15 11:20:40,283 - instabot version: 0.115.0 (api) - DEBUG - GET to endpoint: feed/tag/patagonia/?max_id=&rank_token=28378487953_c4394ad7-b899-4746-b8c8-86e3ffc261ec&ranked_content=true& returned response: <Response [200]>
2020-03-15 11:20:51,907 - instabot version: 0.115.0 (api) - DEBUG - GET to endpoint: feed/tag/bariloche/?max_id=&rank_token=28378487953_c4394ad7-b899-4746-b8c8-86e3ffc261ec&ranked_content=true& returned response: <Response [200]>
2020-03-15 11:21:07,987 - instabot version: 0.115.0 (api) - DEBUG - GET to endpoint: feed/tag/great/?max_id=&rank_token=28378487953_c4394ad7-b899-4746-b8c8-86e3ffc261ec&ranked_content=true& returned response: <Response [200]>
2020-03-15 11:21:21,739 - instabot version: 0.115.0 (api) - DEBUG - GET to endpoint: feed/tag/healthy/?max_id=&rank_token=28378487953_c4394ad7-b899-4746-b8c8-86e3ffc261ec&ranked_content=true& returned response: <Response [200]>
2020-03-15 11:22:31,973 - instabot version: 0.115.0 (api) - DEBUG - GET to endpoint: feed/tag/Bariloche/?max_id=&rank_token=28378487953_c4394ad7-b899-4746-b8c8-86e3ffc261ec&ranked_content=true& returned response: <Response [200]>
2020-03-15 11:22:35,803 - instabot version: 0.115.0 (api) - DEBUG - GET to endpoint: feed/tag/SanMartin/?max_id=&rank_token=28378487953_c4394ad7-b899-4746-b8c8-86e3ffc261ec&ranked_content=true& returned response: <Response [200]>
2020-03-15 11:22:39,899 - instabot version: 0.115.0 (api) - DEBUG - GET to endpoint: feed/tag/Patagonia/?max_id=&rank_token=28378487953_c4394ad7-b899-4746-b8c8-86e3ffc261ec&ranked_content=true& returned response: <Response [200]>
2020-03-15 11:22:43,651 - instabot version: 0.115.0 (api) - DEBUG - GET to endpoint: feed/tag/Sur/?max_id=&rank_token=28378487953_c4394ad7-b899-4746-b8c8-86e3ffc261ec&ranked_content=true& returned response: <Response [200]>
2020-03-15 11:28:27,536 - instabot version: 0.115.0 (api) - DEBUG - GET to endpoint: feed/tag/Bariloche/?max_id=&rank_token=28378487953_c4394ad7-b899-4746-b8c8-86e3ffc261ec&ranked_content=true& returned response: <Response [200]>
2020-03-15 11:28:30,992 - instabot version: 0.115.0 (api) - DEBUG - GET to endpoint: feed/tag/SanMartin/?max_id=&rank_token=28378487953_c4394ad7-b899-4746-b8c8-86e3ffc261ec&ranked_content=true& returned response: <Response [200]>
2020-03-15 11:28:34,907 - instabot version: 0.115.0 (api) - DEBUG - GET to endpoint: feed/tag/Patagonia/?max_id=&rank_token=28378487953_c4394ad7-b899-4746-b8c8-86e3ffc261ec&ranked_content=true& returned response: <Response [200]>
2020-03-15 11:28:38,289 - instabot version: 0.115.0 (api) - DEBUG - GET to endpoint: feed/tag/Sur/?max_id=&rank_token=28378487953_c4394ad7-b899-4746-b8c8-86e3ffc261ec&ranked_content=true& returned response: <Response [200]>
2020-03-15 11:31:43,178 - instabot version: 0.115.0 (api) - DEBUG - GET to endpoint: feed/tag/Bariloche/?max_id=&rank_token=28378487953_c4394ad7-b899-4746-b8c8-86e3ffc261ec&ranked_content=true& returned response: <Response [200]>
2020-03-15 11:31:46,543 - instabot version: 0.115.0 (api) - DEBUG - GET to endpoint: feed/tag/SanMartin/?max_id=&rank_token=28378487953_c4394ad7-b899-4746-b8c8-86e3ffc261ec&ranked_content=true& returned response: <Response [200]>
2020-03-15 11:31:50,278 - instabot version: 0.115.0 (api) - DEBUG - GET to endpoint: feed/tag/Patagonia/?max_id=&rank_token=28378487953_c4394ad7-b899-4746-b8c8-86e3ffc261ec&ranked_content=true& returned response: <Response [200]>
2020-03-15 11:31:53,671 - instabot version: 0.115.0 (api) - DEBUG - GET to endpoint: feed/tag/Sur/?max_id=&rank_token=28378487953_c4394ad7-b899-4746-b8c8-86e3ffc261ec&ranked_content=true& returned response: <Response [200]>
2020-03-15 11:31:57,657 - instabot version: 0.115.0 (api) - DEBUG - GET to endpoint: feed/tag/Usuhaia/?max_id=&rank_token=28378487953_c4394ad7-b899-4746-b8c8-86e3ffc261ec&ranked_content=true& returned response: <Response [200]>
2020-03-15 11:32:01,327 - instabot version: 0.115.0 (api) - DEBUG - GET to endpoint: feed/tag/South/?max_id=&rank_token=28378487953_c4394ad7-b899-4746-b8c8-86e3ffc261ec&ranked_content=true& returned response: <Response [200]>
